2024-06-26 0000INFO: Sample log message 0
2024-06-26 0001INFO: Sample log message 1
2024-06-26 0002ERROR: Sample log message 2
2024-06-26 0003WARNING: Sample log message 3
2024-06-26 0004DEBUG: Sample log message 4
2024-06-26 0005DEBUG: Sample log message 5
2024-06-26 0006WARNING: Sample log message 6
2024-06-26 0007INFO: Sample log message 7
2024-06-26 0008INFO: Sample log message 8
2024-06-26 0009ERROR: Sample log message 9
2024-06-26 0010INFO: Sample log message 10
2024-06-26 0011INFO: Sample log message 11
2024-06-26 0012INFO: Sample log message 12
2024-06-26 0013INFO: Sample log message 13
2024-06-26 0014WARNING: Sample log message 14
2024-06-26 0015WARNING: Sample log message 15
2024-06-26 0016DEBUG: Sample log message 16
2024-06-26 0017DEBUG: Sample log message 17
2024-06-26 0018INFO: Sample log message 18
2024-06-26 0019DEBUG: Sample log message 19
2024-06-26 0020WARNING: Sample log message 20
2024-06-26 0021INFO: Sample log message 21
2024-06-26 0022INFO: Sample log message 22
2024-06-26 0023WARNING: Sample log message 23
2024-06-26 0024WARNING: Sample log message 24
2024-06-26 0025WARNING: Sample log message 25
2024-06-26 0026WARNING: Sample log message 26
2024-06-26 0027ERROR: Sample log message 27
2024-06-26 0028DEBUG: Sample log message 28
2024-06-26 0029ERROR: Sample log message 29
2024-06-26 0030ERROR: Sample log message 30
2024-06-26 0031ERROR: Sample log message 31
2024-06-26 0032INFO: Sample log message 32
2024-06-26 0033INFO: Sample log message 33
2024-06-26 0034ERROR: Sample log message 34
2024-06-26 0035INFO: Sample log message 35
2024-06-26 0036INFO: Sample log message 36
2024-06-26 0037ERROR: Sample log message 37
2024-06-26 0038INFO: Sample log message 38
2024-06-26 0039WARNING: Sample log message 39
2024-06-26 0040WARNING: Sample log message 40
2024-06-26 0041DEBUG: Sample log message 41
2024-06-26 0042INFO: Sample log message 42
2024-06-26 0043WARNING: Sample log message 43
2024-06-26 0044INFO: Sample log message 44
2024-06-26 0045WARNING: Sample log message 45
2024-06-26 0046ERROR: Sample log message 46
2024-06-26 0047INFO: Sample log message 47
2024-06-26 0048WARNING: Sample log message 48
2024-06-26 0049WARNING: Sample log message 49
2024-06-26 0050ERROR: Sample log message 50
2024-06-26 0051ERROR: Sample log message 51
2024-06-26 0052INFO: Sample log message 52
2024-06-26 0053WARNING: Sample log message 53
2024-06-26 0054INFO: Sample log message 54
2024-06-26 0055ERROR: Sample log message 55
2024-06-26 0056ERROR: Sample log message 56
2024-06-26 0057INFO: Sample log message 57
2024-06-26 0058ERROR: Sample log message 58
2024-06-26 0059ERROR: Sample log message 59
2024-06-26 0060WARNING: Sample log message 60
2024-06-26 0061ERROR: Sample log message 61
2024-06-26 0062WARNING: Sample log message 62
2024-06-26 0063WARNING: Sample log message 63
2024-06-26 0064INFO: Sample log message 64
2024-06-26 0065DEBUG: Sample log message 65
2024-06-26 0066WARNING: Sample log message 66
2024-06-26 0067ERROR: Sample log message 67
2024-06-26 0068ERROR: Sample log message 68
2024-06-26 0069INFO: Sample log message 69
2024-06-26 0070WARNING: Sample log message 70
2024-06-26 0071WARNING: Sample log message 71
2024-06-26 0072WARNING: Sample log message 72
2024-06-26 0073INFO: Sample log message 73
2024-06-26 0074INFO: Sample log message 74
2024-06-26 0075DEBUG: Sample log message 75
2024-06-26 0076WARNING: Sample log message 76
2024-06-26 0077WARNING: Sample log message 77
2024-06-26 0078WARNING: Sample log message 78
2024-06-26 0079WARNING: Sample log message 79
2024-06-26 0080INFO: Sample log message 80
2024-06-26 0081DEBUG: Sample log message 81
2024-06-26 0082DEBUG: Sample log message 82
2024-06-26 0083INFO: Sample log message 83
2024-06-26 0084INFO: Sample log message 84
2024-06-26 0085ERROR: Sample log message 85
2024-06-26 0086DEBUG: Sample log message 86
2024-06-26 0087INFO: Sample log message 87
2024-06-26 0088INFO: Sample log message 88
2024-06-26 0089INFO: Sample log message 89
2024-06-26 0090ERROR: Sample log message 90
2024-06-26 0091WARNING: Sample log message 91
2024-06-26 0092DEBUG: Sample log message 92
2024-06-26 0093DEBUG: Sample log message 93
2024-06-26 0094DEBUG: Sample log message 94
2024-06-26 0095ERROR: Sample log message 95
2024-06-26 0096WARNING: Sample log message 96
2024-06-26 0097ERROR: Sample log message 97
2024-06-26 0098ERROR: Sample log message 98
2024-06-26 0099WARNING: Sample log message 99
2024-06-26 0100DEBUG: Sample log message 100
2024-06-26 0101DEBUG: Sample log message 101
2024-06-26 0102WARNING: Sample log message 102
2024-06-26 0103DEBUG: Sample log message 103
2024-06-26 0104DEBUG: Sample log message 104
2024-06-26 0105INFO: Sample log message 105
2024-06-26 0106WARNING: Sample log message 106
2024-06-26 0107ERROR: Sample log message 107
2024-06-26 0108INFO: Sample log message 108
2024-06-26 0109DEBUG: Sample log message 109
2024-06-26 0110WARNING: Sample log message 110
2024-06-26 0111DEBUG: Sample log message 111
2024-06-26 0112ERROR: Sample log message 112
2024-06-26 0113DEBUG: Sample log message 113
2024-06-26 0114INFO: Sample log message 114
2024-06-26 0115WARNING: Sample log message 115
2024-06-26 0116WARNING: Sample log message 116
2024-06-26 0117INFO: Sample log message 117
2024-06-26 0118ERROR: Sample log message 118
2024-06-26 0119DEBUG: Sample log message 119
2024-06-26 0120WARNING: Sample log message 120
2024-06-26 0121ERROR: Sample log message 121
2024-06-26 0122WARNING: Sample log message 122
2024-06-26 0123DEBUG: Sample log message 123
2024-06-26 0124ERROR: Sample log message 124
2024-06-26 0125ERROR: Sample log message 125
2024-06-26 0126DEBUG: Sample log message 126
2024-06-26 0127INFO: Sample log message 127
2024-06-26 0128DEBUG: Sample log message 128
2024-06-26 0129WARNING: Sample log message 129
2024-06-26 0130DEBUG: Sample log message 130
2024-06-26 0131WARNING: Sample log message 131
2024-06-26 0132WARNING: Sample log message 132
2024-06-26 0133WARNING: Sample log message 133
2024-06-26 0134INFO: Sample log message 134
2024-06-26 0135DEBUG: Sample log message 135
2024-06-26 0136DEBUG: Sample log message 136
2024-06-26 0137WARNING: Sample log message 137
2024-06-26 0138INFO: Sample log message 138
2024-06-26 0139DEBUG: Sample log message 139
2024-06-26 0140WARNING: Sample log message 140
2024-06-26 0141INFO: Sample log message 141
2024-06-26 0142INFO: Sample log message 142
2024-06-26 0143DEBUG: Sample log message 143
2024-06-26 0144DEBUG: Sample log message 144
2024-06-26 0145DEBUG: Sample log message 145
2024-06-26 0146DEBUG: Sample log message 146
2024-06-26 0147ERROR: Sample log message 147
2024-06-26 0148DEBUG: Sample log message 148
2024-06-26 0149INFO: Sample log message 149
2024-06-26 0150DEBUG: Sample log message 150
2024-06-26 0151ERROR: Sample log message 151
2024-06-26 0152WARNING: Sample log message 152
2024-06-26 0153DEBUG: Sample log message 153
2024-06-26 0154WARNING: Sample log message 154
2024-06-26 0155DEBUG: Sample log message 155
2024-06-26 0156ERROR: Sample log message 156
2024-06-26 0157ERROR: Sample log message 157
2024-06-26 0158DEBUG: Sample log message 158
2024-06-26 0159DEBUG: Sample log message 159
2024-06-26 0160DEBUG: Sample log message 160
2024-06-26 0161INFO: Sample log message 161
2024-06-26 0162ERROR: Sample log message 162
2024-06-26 0163ERROR: Sample log message 163
2024-06-26 0164INFO: Sample log message 164
2024-06-26 0165INFO: Sample log message 165
2024-06-26 0166ERROR: Sample log message 166
2024-06-26 0167INFO: Sample log message 167
2024-06-26 0168DEBUG: Sample log message 168
2024-06-26 0169WARNING: Sample log message 169
2024-06-26 0170DEBUG: Sample log message 170
2024-06-26 0171WARNING: Sample log message 171
2024-06-26 0172INFO: Sample log message 172
2024-06-26 0173DEBUG: Sample log message 173
2024-06-26 0174DEBUG: Sample log message 174
2024-06-26 0175ERROR: Sample log message 175
2024-06-26 0176INFO: Sample log message 176
2024-06-26 0177DEBUG: Sample log message 177
2024-06-26 0178INFO: Sample log message 178
2024-06-26 0179WARNING: Sample log message 179
2024-06-26 0180INFO: Sample log message 180
2024-06-26 0181ERROR: Sample log message 181
2024-06-26 0182ERROR: Sample log message 182
2024-06-26 0183DEBUG: Sample log message 183
2024-06-26 0184DEBUG: Sample log message 184
2024-06-26 0185WARNING: Sample log message 185
2024-06-26 0186WARNING: Sample log message 186
2024-06-26 0187WARNING: Sample log message 187
2024-06-26 0188WARNING: Sample log message 188
2024-06-26 0189WARNING: Sample log message 189
2024-06-26 0190ERROR: Sample log message 190
2024-06-26 0191DEBUG: Sample log message 191
2024-06-26 0192ERROR: Sample log message 192
2024-06-26 0193INFO: Sample log message 193
2024-06-26 0194WARNING: Sample log message 194
2024-06-26 0195INFO: Sample log message 195
2024-06-26 0196WARNING: Sample log message 196
2024-06-26 0197DEBUG: Sample log message 197
2024-06-26 0198WARNING: Sample log message 198
2024-06-26 0199ERROR: Sample log message 199
2024-06-26 0200INFO: Sample log message 200
2024-06-26 0201ERROR: Sample log message 201
2024-06-26 0202WARNING: Sample log message 202
2024-06-26 0203INFO: Sample log message 203
2024-06-26 0204INFO: Sample log message 204
2024-06-26 0205WARNING: Sample log message 205
2024-06-26 0206WARNING: Sample log message 206
2024-06-26 0207ERROR: Sample log message 207
2024-06-26 0208ERROR: Sample log message 208
2024-06-26 0209ERROR: Sample log message 209
2024-06-26 0210INFO: Sample log message 210
2024-06-26 0211INFO: Sample log message 211
2024-06-26 0212DEBUG: Sample log message 212
2024-06-26 0213WARNING: Sample log message 213
2024-06-26 0214DEBUG: Sample log message 214
2024-06-26 0215DEBUG: Sample log message 215
2024-06-26 0216ERROR: Sample log message 216
2024-06-26 0217ERROR: Sample log message 217
2024-06-26 0218INFO: Sample log message 218
2024-06-26 0219INFO: Sample log message 219
2024-06-26 0220INFO: Sample log message 220
2024-06-26 0221DEBUG: Sample log message 221
2024-06-26 0222DEBUG: Sample log message 222
2024-06-26 0223DEBUG: Sample log message 223
2024-06-26 0224DEBUG: Sample log message 224
2024-06-26 0225ERROR: Sample log message 225
2024-06-26 0226ERROR: Sample log message 226
2024-06-26 0227WARNING: Sample log message 227
2024-06-26 0228WARNING: Sample log message 228
2024-06-26 0229WARNING: Sample log message 229
2024-06-26 0230INFO: Sample log message 230
2024-06-26 0231DEBUG: Sample log message 231
2024-06-26 0232DEBUG: Sample log message 232
2024-06-26 0233INFO: Sample log message 233
2024-06-26 0234WARNING: Sample log message 234
2024-06-26 0235INFO: Sample log message 235
2024-06-26 0236ERROR: Sample log message 236
2024-06-26 0237INFO: Sample log message 237
2024-06-26 0238DEBUG: Sample log message 238
2024-06-26 0239DEBUG: Sample log message 239
2024-06-26 0240WARNING: Sample log message 240
2024-06-26 0241INFO: Sample log message 241
2024-06-26 0242ERROR: Sample log message 242
2024-06-26 0243INFO: Sample log message 243
2024-06-26 0244INFO: Sample log message 244
2024-06-26 0245WARNING: Sample log message 245
2024-06-26 0246WARNING: Sample log message 246
2024-06-26 0247DEBUG: Sample log message 247
2024-06-26 0248WARNING: Sample log message 248
2024-06-26 0249INFO: Sample log message 249
2024-06-26 0250WARNING: Sample log message 250
2024-06-26 0251WARNING: Sample log message 251
2024-06-26 0252DEBUG: Sample log message 252
2024-06-26 0253WARNING: Sample log message 253
2024-06-26 0254DEBUG: Sample log message 254
2024-06-26 0255WARNING: Sample log message 255
2024-06-26 0256DEBUG: Sample log message 256
2024-06-26 0257ERROR: Sample log message 257
2024-06-26 0258INFO: Sample log message 258
2024-06-26 0259INFO: Sample log message 259
2024-06-26 0260DEBUG: Sample log message 260
2024-06-26 0261ERROR: Sample log message 261
2024-06-26 0262ERROR: Sample log message 262
2024-06-26 0263ERROR: Sample log message 263
2024-06-26 0264WARNING: Sample log message 264
2024-06-26 0265INFO: Sample log message 265
2024-06-26 0266INFO: Sample log message 266
2024-06-26 0267WARNING: Sample log message 267
2024-06-26 0268DEBUG: Sample log message 268
2024-06-26 0269INFO: Sample log message 269
2024-06-26 0270DEBUG: Sample log message 270
2024-06-26 0271INFO: Sample log message 271
2024-06-26 0272ERROR: Sample log message 272
2024-06-26 0273WARNING: Sample log message 273
2024-06-26 0274ERROR: Sample log message 274
2024-06-26 0275DEBUG: Sample log message 275
2024-06-26 0276INFO: Sample log message 276
2024-06-26 0277ERROR: Sample log message 277
2024-06-26 0278DEBUG: Sample log message 278
2024-06-26 0279WARNING: Sample log message 279
2024-06-26 0280ERROR: Sample log message 280
2024-06-26 0281INFO: Sample log message 281
2024-06-26 0282DEBUG: Sample log message 282
2024-06-26 0283DEBUG: Sample log message 283
2024-06-26 0284ERROR: Sample log message 284
2024-06-26 0285INFO: Sample log message 285
2024-06-26 0286DEBUG: Sample log message 286
2024-06-26 0287WARNING: Sample log message 287
2024-06-26 0288INFO: Sample log message 288
2024-06-26 0289WARNING: Sample log message 289
2024-06-26 0290DEBUG: Sample log message 290
2024-06-26 0291WARNING: Sample log message 291
2024-06-26 0292WARNING: Sample log message 292
2024-06-26 0293INFO: Sample log message 293
2024-06-26 0294WARNING: Sample log message 294
2024-06-26 0295WARNING: Sample log message 295
2024-06-26 0296WARNING: Sample log message 296
2024-06-26 0297WARNING: Sample log message 297
2024-06-26 0298INFO: Sample log message 298
2024-06-26 0299WARNING: Sample log message 299
2024-06-26 0300DEBUG: Sample log message 300
2024-06-26 0301DEBUG: Sample log message 301
2024-06-26 0302WARNING: Sample log message 302
2024-06-26 0303INFO: Sample log message 303
2024-06-26 0304WARNING: Sample log message 304
2024-06-26 0305ERROR: Sample log message 305
2024-06-26 0306ERROR: Sample log message 306
2024-06-26 0307DEBUG: Sample log message 307
2024-06-26 0308DEBUG: Sample log message 308
2024-06-26 0309INFO: Sample log message 309
2024-06-26 0310DEBUG: Sample log message 310
2024-06-26 0311WARNING: Sample log message 311
2024-06-26 0312ERROR: Sample log message 312
2024-06-26 0313DEBUG: Sample log message 313
2024-06-26 0314INFO: Sample log message 314
2024-06-26 0315WARNING: Sample log message 315
2024-06-26 0316DEBUG: Sample log message 316
2024-06-26 0317ERROR: Sample log message 317
2024-06-26 0318ERROR: Sample log message 318
2024-06-26 0319DEBUG: Sample log message 319
2024-06-26 0320ERROR: Sample log message 320
2024-06-26 0321ERROR: Sample log message 321
2024-06-26 0322INFO: Sample log message 322
2024-06-26 0323ERROR: Sample log message 323
2024-06-26 0324WARNING: Sample log message 324
2024-06-26 0325ERROR: Sample log message 325
2024-06-26 0326DEBUG: Sample log message 326
2024-06-26 0327INFO: Sample log message 327
2024-06-26 0328ERROR: Sample log message 328
2024-06-26 0329WARNING: Sample log message 329
2024-06-26 0330WARNING: Sample log message 330
2024-06-26 0331INFO: Sample log message 331
2024-06-26 0332DEBUG: Sample log message 332
2024-06-26 0333DEBUG: Sample log message 333
2024-06-26 0334INFO: Sample log message 334
2024-06-26 0335WARNING: Sample log message 335
2024-06-26 0336ERROR: Sample log message 336
2024-06-26 0337DEBUG: Sample log message 337
2024-06-26 0338ERROR: Sample log message 338
2024-06-26 0339INFO: Sample log message 339
2024-06-26 0340INFO: Sample log message 340
2024-06-26 0341DEBUG: Sample log message 341
2024-06-26 0342WARNING: Sample log message 342
2024-06-26 0343ERROR: Sample log message 343
2024-06-26 0344WARNING: Sample log message 344
2024-06-26 0345DEBUG: Sample log message 345
2024-06-26 0346ERROR: Sample log message 346
2024-06-26 0347WARNING: Sample log message 347
2024-06-26 0348ERROR: Sample log message 348
2024-06-26 0349ERROR: Sample log message 349
2024-06-26 0350WARNING: Sample log message 350
2024-06-26 0351ERROR: Sample log message 351
2024-06-26 0352ERROR: Sample log message 352
2024-06-26 0353ERROR: Sample log message 353
2024-06-26 0354DEBUG: Sample log message 354
2024-06-26 0355WARNING: Sample log message 355
2024-06-26 0356WARNING: Sample log message 356
2024-06-26 0357WARNING: Sample log message 357
2024-06-26 0358DEBUG: Sample log message 358
2024-06-26 0359WARNING: Sample log message 359
2024-06-26 0360ERROR: Sample log message 360
2024-06-26 0361DEBUG: Sample log message 361
2024-06-26 0362DEBUG: Sample log message 362
2024-06-26 0363WARNING: Sample log message 363
2024-06-26 0364DEBUG: Sample log message 364
2024-06-26 0365DEBUG: Sample log message 365
2024-06-26 0366WARNING: Sample log message 366
2024-06-26 0367ERROR: Sample log message 367
2024-06-26 0368INFO: Sample log message 368
2024-06-26 0369ERROR: Sample log message 369
2024-06-26 0370ERROR: Sample log message 370
2024-06-26 0371INFO: Sample log message 371
2024-06-26 0372WARNING: Sample log message 372
2024-06-26 0373WARNING: Sample log message 373
2024-06-26 0374INFO: Sample log message 374
2024-06-26 0375DEBUG: Sample log message 375
2024-06-26 0376DEBUG: Sample log message 376
2024-06-26 0377INFO: Sample log message 377
2024-06-26 0378ERROR: Sample log message 378
2024-06-26 0379DEBUG: Sample log message 379
2024-06-26 0380WARNING: Sample log message 380
2024-06-26 0381DEBUG: Sample log message 381
2024-06-26 0382WARNING: Sample log message 382
2024-06-26 0383WARNING: Sample log message 383
2024-06-26 0384ERROR: Sample log message 384
2024-06-26 0385INFO: Sample log message 385
2024-06-26 0386DEBUG: Sample log message 386
2024-06-26 0387ERROR: Sample log message 387
2024-06-26 0388WARNING: Sample log message 388
2024-06-26 0389WARNING: Sample log message 389
2024-06-26 0390DEBUG: Sample log message 390
2024-06-26 0391WARNING: Sample log message 391
2024-06-26 0392DEBUG: Sample log message 392
2024-06-26 0393INFO: Sample log message 393
2024-06-26 0394ERROR: Sample log message 394
2024-06-26 0395DEBUG: Sample log message 395
2024-06-26 0396ERROR: Sample log message 396
2024-06-26 0397DEBUG: Sample log message 397
2024-06-26 0398INFO: Sample log message 398
2024-06-26 0399DEBUG: Sample log message 399
2024-06-26 0400INFO: Sample log message 400
2024-06-26 0401WARNING: Sample log message 401
2024-06-26 0402DEBUG: Sample log message 402
2024-06-26 0403DEBUG: Sample log message 403
2024-06-26 0404DEBUG: Sample log message 404
2024-06-26 0405WARNING: Sample log message 405
2024-06-26 0406ERROR: Sample log message 406
2024-06-26 0407WARNING: Sample log message 407
2024-06-26 0408ERROR: Sample log message 408
2024-06-26 0409INFO: Sample log message 409
2024-06-26 0410ERROR: Sample log message 410
2024-06-26 0411INFO: Sample log message 411
2024-06-26 0412DEBUG: Sample log message 412
2024-06-26 0413ERROR: Sample log message 413
2024-06-26 0414DEBUG: Sample log message 414
2024-06-26 0415DEBUG: Sample log message 415
2024-06-26 0416WARNING: Sample log message 416
2024-06-26 0417DEBUG: Sample log message 417
2024-06-26 0418WARNING: Sample log message 418
2024-06-26 0419DEBUG: Sample log message 419
2024-06-26 0420DEBUG: Sample log message 420
2024-06-26 0421ERROR: Sample log message 421
2024-06-26 0422DEBUG: Sample log message 422
2024-06-26 0423DEBUG: Sample log message 423
2024-06-26 0424WARNING: Sample log message 424
2024-06-26 0425DEBUG: Sample log message 425
2024-06-26 0426INFO: Sample log message 426
2024-06-26 0427INFO: Sample log message 427
2024-06-26 0428WARNING: Sample log message 428
2024-06-26 0429INFO: Sample log message 429
2024-06-26 0430DEBUG: Sample log message 430
2024-06-26 0431DEBUG: Sample log message 431
2024-06-26 0432WARNING: Sample log message 432
2024-06-26 0433ERROR: Sample log message 433
2024-06-26 0434DEBUG: Sample log message 434
2024-06-26 0435DEBUG: Sample log message 435
2024-06-26 0436WARNING: Sample log message 436
2024-06-26 0437ERROR: Sample log message 437
2024-06-26 0438INFO: Sample log message 438
2024-06-26 0439ERROR: Sample log message 439
2024-06-26 0440ERROR: Sample log message 440
2024-06-26 0441WARNING: Sample log message 441
2024-06-26 0442INFO: Sample log message 442
2024-06-26 0443INFO: Sample log message 443
2024-06-26 0444INFO: Sample log message 444
2024-06-26 0445INFO: Sample log message 445
2024-06-26 0446INFO: Sample log message 446
2024-06-26 0447ERROR: Sample log message 447
2024-06-26 0448INFO: Sample log message 448
2024-06-26 0449INFO: Sample log message 449
2024-06-26 0450DEBUG: Sample log message 450
2024-06-26 0451INFO: Sample log message 451
2024-06-26 0452WARNING: Sample log message 452
2024-06-26 0453DEBUG: Sample log message 453
2024-06-26 0454ERROR: Sample log message 454
2024-06-26 0455WARNING: Sample log message 455
2024-06-26 0456WARNING: Sample log message 456
2024-06-26 0457DEBUG: Sample log message 457
2024-06-26 0458DEBUG: Sample log message 458
2024-06-26 0459INFO: Sample log message 459
2024-06-26 0460ERROR: Sample log message 460
2024-06-26 0461ERROR: Sample log message 461
2024-06-26 0462DEBUG: Sample log message 462
2024-06-26 0463INFO: Sample log message 463
2024-06-26 0464ERROR: Sample log message 464
2024-06-26 0465ERROR: Sample log message 465
2024-06-26 0466DEBUG: Sample log message 466
2024-06-26 0467WARNING: Sample log message 467
2024-06-26 0468ERROR: Sample log message 468
2024-06-26 0469ERROR: Sample log message 469
2024-06-26 0470WARNING: Sample log message 470
2024-06-26 0471WARNING: Sample log message 471
2024-06-26 0472DEBUG: Sample log message 472
2024-06-26 0473DEBUG: Sample log message 473
2024-06-26 0474WARNING: Sample log message 474
2024-06-26 0475DEBUG: Sample log message 475
2024-06-26 0476WARNING: Sample log message 476
2024-06-26 0477ERROR: Sample log message 477
2024-06-26 0478INFO: Sample log message 478
2024-06-26 0479WARNING: Sample log message 479
2024-06-26 0480DEBUG: Sample log message 480
2024-06-26 0481DEBUG: Sample log message 481
2024-06-26 0482WARNING: Sample log message 482
2024-06-26 0483WARNING: Sample log message 483
2024-06-26 0484INFO: Sample log message 484
2024-06-26 0485DEBUG: Sample log message 485
2024-06-26 0486INFO: Sample log message 486
2024-06-26 0487DEBUG: Sample log message 487
2024-06-26 0488DEBUG: Sample log message 488
2024-06-26 0489DEBUG: Sample log message 489
2024-06-26 0490WARNING: Sample log message 490
2024-06-26 0491DEBUG: Sample log message 491
2024-06-26 0492DEBUG: Sample log message 492
2024-06-26 0493DEBUG: Sample log message 493
2024-06-26 0494DEBUG: Sample log message 494
2024-06-26 0495INFO: Sample log message 495
2024-06-26 0496INFO: Sample log message 496
2024-06-26 0497WARNING: Sample log message 497
2024-06-26 0498DEBUG: Sample log message 498
2024-06-26 0499INFO: Sample log message 499
2024-06-26 0500ERROR: Sample log message 500
2024-06-26 0501ERROR: Sample log message 501
2024-06-26 0502ERROR: Sample log message 502
2024-06-26 0503INFO: Sample log message 503
2024-06-26 0504WARNING: Sample log message 504
2024-06-26 0505ERROR: Sample log message 505
2024-06-26 0506ERROR: Sample log message 506
2024-06-26 0507ERROR: Sample log message 507
2024-06-26 0508DEBUG: Sample log message 508
2024-06-26 0509INFO: Sample log message 509
2024-06-26 0510INFO: Sample log message 510
2024-06-26 0511DEBUG: Sample log message 511
2024-06-26 0512WARNING: Sample log message 512
2024-06-26 0513WARNING: Sample log message 513
2024-06-26 0514WARNING: Sample log message 514
2024-06-26 0515WARNING: Sample log message 515
2024-06-26 0516DEBUG: Sample log message 516
2024-06-26 0517ERROR: Sample log message 517
2024-06-26 0518ERROR: Sample log message 518
2024-06-26 0519WARNING: Sample log message 519
2024-06-26 0520INFO: Sample log message 520
2024-06-26 0521WARNING: Sample log message 521
2024-06-26 0522WARNING: Sample log message 522
2024-06-26 0523INFO: Sample log message 523
2024-06-26 0524WARNING: Sample log message 524
2024-06-26 0525ERROR: Sample log message 525
2024-06-26 0526WARNING: Sample log message 526
2024-06-26 0527INFO: Sample log message 527
2024-06-26 0528DEBUG: Sample log message 528
2024-06-26 0529ERROR: Sample log message 529
2024-06-26 0530WARNING: Sample log message 530
2024-06-26 0531ERROR: Sample log message 531
2024-06-26 0532DEBUG: Sample log message 532
2024-06-26 0533WARNING: Sample log message 533
2024-06-26 0534DEBUG: Sample log message 534
2024-06-26 0535WARNING: Sample log message 535
2024-06-26 0536INFO: Sample log message 536
2024-06-26 0537WARNING: Sample log message 537
2024-06-26 0538WARNING: Sample log message 538
2024-06-26 0539ERROR: Sample log message 539
2024-06-26 0540DEBUG: Sample log message 540
2024-06-26 0541INFO: Sample log message 541
2024-06-26 0542INFO: Sample log message 542
2024-06-26 0543WARNING: Sample log message 543
2024-06-26 0544ERROR: Sample log message 544
2024-06-26 0545ERROR: Sample log message 545
2024-06-26 0546WARNING: Sample log message 546
2024-06-26 0547ERROR: Sample log message 547
2024-06-26 0548DEBUG: Sample log message 548
2024-06-26 0549INFO: Sample log message 549
2024-06-26 0550DEBUG: Sample log message 550
2024-06-26 0551WARNING: Sample log message 551
2024-06-26 0552WARNING: Sample log message 552
2024-06-26 0553INFO: Sample log message 553
2024-06-26 0554WARNING: Sample log message 554
2024-06-26 0555WARNING: Sample log message 555
2024-06-26 0556ERROR: Sample log message 556
2024-06-26 0557ERROR: Sample log message 557
2024-06-26 0558ERROR: Sample log message 558
2024-06-26 0559DEBUG: Sample log message 559
2024-06-26 0560INFO: Sample log message 560
2024-06-26 0561WARNING: Sample log message 561
2024-06-26 0562WARNING: Sample log message 562
2024-06-26 0563ERROR: Sample log message 563
2024-06-26 0564WARNING: Sample log message 564
2024-06-26 0565INFO: Sample log message 565
2024-06-26 0566ERROR: Sample log message 566
2024-06-26 0567DEBUG: Sample log message 567
2024-06-26 0568DEBUG: Sample log message 568
2024-06-26 0569DEBUG: Sample log message 569
2024-06-26 0570ERROR: Sample log message 570
2024-06-26 0571ERROR: Sample log message 571
2024-06-26 0572ERROR: Sample log message 572
2024-06-26 0573INFO: Sample log message 573
2024-06-26 0574WARNING: Sample log message 574
2024-06-26 0575INFO: Sample log message 575
2024-06-26 0576ERROR: Sample log message 576
2024-06-26 0577ERROR: Sample log message 577
2024-06-26 0578ERROR: Sample log message 578
2024-06-26 0579ERROR: Sample log message 579
2024-06-26 0580ERROR: Sample log message 580
2024-06-26 0581WARNING: Sample log message 581
2024-06-26 0582DEBUG: Sample log message 582
2024-06-26 0583INFO: Sample log message 583
2024-06-26 0584INFO: Sample log message 584
2024-06-26 0585ERROR: Sample log message 585
2024-06-26 0586DEBUG: Sample log message 586
2024-06-26 0587DEBUG: Sample log message 587
2024-06-26 0588WARNING: Sample log message 588
2024-06-26 0589INFO: Sample log message 589
2024-06-26 0590ERROR: Sample log message 590
2024-06-26 0591INFO: Sample log message 591
2024-06-26 0592ERROR: Sample log message 592
2024-06-26 0593DEBUG: Sample log message 593
2024-06-26 0594INFO: Sample log message 594
2024-06-26 0595ERROR: Sample log message 595
2024-06-26 0596INFO: Sample log message 596
2024-06-26 0597INFO: Sample log message 597
2024-06-26 0598DEBUG: Sample log message 598
2024-06-26 0599INFO: Sample log message 599
2024-06-26 0600INFO: Sample log message 600
2024-06-26 0601WARNING: Sample log message 601
2024-06-26 0602DEBUG: Sample log message 602
2024-06-26 0603WARNING: Sample log message 603
2024-06-26 0604ERROR: Sample log message 604
2024-06-26 0605DEBUG: Sample log message 605
2024-06-26 0606ERROR: Sample log message 606
2024-06-26 0607ERROR: Sample log message 607
2024-06-26 0608WARNING: Sample log message 608
2024-06-26 0609INFO: Sample log message 609
2024-06-26 0610WARNING: Sample log message 610
2024-06-26 0611WARNING: Sample log message 611
2024-06-26 0612INFO: Sample log message 612
2024-06-26 0613INFO: Sample log message 613
2024-06-26 0614INFO: Sample log message 614
2024-06-26 0615WARNING: Sample log message 615
2024-06-26 0616ERROR: Sample log message 616
2024-06-26 0617ERROR: Sample log message 617
2024-06-26 0618WARNING: Sample log message 618
2024-06-26 0619ERROR: Sample log message 619
2024-06-26 0620WARNING: Sample log message 620
2024-06-26 0621INFO: Sample log message 621
2024-06-26 0622WARNING: Sample log message 622
2024-06-26 0623DEBUG: Sample log message 623
2024-06-26 0624DEBUG: Sample log message 624
2024-06-26 0625ERROR: Sample log message 625
2024-06-26 0626INFO: Sample log message 626
2024-06-26 0627ERROR: Sample log message 627
2024-06-26 0628DEBUG: Sample log message 628
2024-06-26 0629DEBUG: Sample log message 629
2024-06-26 0630INFO: Sample log message 630
2024-06-26 0631DEBUG: Sample log message 631
2024-06-26 0632INFO: Sample log message 632
2024-06-26 0633INFO: Sample log message 633
2024-06-26 0634INFO: Sample log message 634
2024-06-26 0635DEBUG: Sample log message 635
2024-06-26 0636DEBUG: Sample log message 636
2024-06-26 0637ERROR: Sample log message 637
2024-06-26 0638ERROR: Sample log message 638
2024-06-26 0639INFO: Sample log message 639
2024-06-26 0640ERROR: Sample log message 640
2024-06-26 0641ERROR: Sample log message 641
2024-06-26 0642WARNING: Sample log message 642
2024-06-26 0643DEBUG: Sample log message 643
2024-06-26 0644DEBUG: Sample log message 644
2024-06-26 0645DEBUG: Sample log message 645
2024-06-26 0646DEBUG: Sample log message 646
2024-06-26 0647INFO: Sample log message 647
2024-06-26 0648WARNING: Sample log message 648
2024-06-26 0649WARNING: Sample log message 649
2024-06-26 0650ERROR: Sample log message 650
2024-06-26 0651ERROR: Sample log message 651
2024-06-26 0652WARNING: Sample log message 652
2024-06-26 0653DEBUG: Sample log message 653
2024-06-26 0654ERROR: Sample log message 654
2024-06-26 0655INFO: Sample log message 655
2024-06-26 0656WARNING: Sample log message 656
2024-06-26 0657ERROR: Sample log message 657
2024-06-26 0658INFO: Sample log message 658
2024-06-26 0659DEBUG: Sample log message 659
2024-06-26 0660INFO: Sample log message 660
2024-06-26 0661DEBUG: Sample log message 661
2024-06-26 0662DEBUG: Sample log message 662
2024-06-26 0663DEBUG: Sample log message 663
2024-06-26 0664DEBUG: Sample log message 664
2024-06-26 0665WARNING: Sample log message 665
2024-06-26 0666DEBUG: Sample log message 666
2024-06-26 0667ERROR: Sample log message 667
2024-06-26 0668WARNING: Sample log message 668
2024-06-26 0669ERROR: Sample log message 669
2024-06-26 0670ERROR: Sample log message 670
2024-06-26 0671WARNING: Sample log message 671
2024-06-26 0672INFO: Sample log message 672
2024-06-26 0673ERROR: Sample log message 673
2024-06-26 0674DEBUG: Sample log message 674
2024-06-26 0675WARNING: Sample log message 675
2024-06-26 0676INFO: Sample log message 676
2024-06-26 0677DEBUG: Sample log message 677
2024-06-26 0678WARNING: Sample log message 678
2024-06-26 0679DEBUG: Sample log message 679
2024-06-26 0680ERROR: Sample log message 680
2024-06-26 0681INFO: Sample log message 681
2024-06-26 0682INFO: Sample log message 682
2024-06-26 0683ERROR: Sample log message 683
2024-06-26 0684WARNING: Sample log message 684
2024-06-26 0685WARNING: Sample log message 685
2024-06-26 0686INFO: Sample log message 686
2024-06-26 0687INFO: Sample log message 687
2024-06-26 0688DEBUG: Sample log message 688
2024-06-26 0689DEBUG: Sample log message 689
2024-06-26 0690WARNING: Sample log message 690
2024-06-26 0691DEBUG: Sample log message 691
2024-06-26 0692WARNING: Sample log message 692
2024-06-26 0693ERROR: Sample log message 693
2024-06-26 0694ERROR: Sample log message 694
2024-06-26 0695WARNING: Sample log message 695
2024-06-26 0696WARNING: Sample log message 696
2024-06-26 0697INFO: Sample log message 697
2024-06-26 0698DEBUG: Sample log message 698
2024-06-26 0699ERROR: Sample log message 699
2024-06-26 0700WARNING: Sample log message 700
2024-06-26 0701WARNING: Sample log message 701
2024-06-26 0702DEBUG: Sample log message 702
2024-06-26 0703INFO: Sample log message 703
2024-06-26 0704ERROR: Sample log message 704
2024-06-26 0705DEBUG: Sample log message 705
2024-06-26 0706INFO: Sample log message 706
2024-06-26 0707ERROR: Sample log message 707
2024-06-26 0708WARNING: Sample log message 708
2024-06-26 0709DEBUG: Sample log message 709
2024-06-26 0710INFO: Sample log message 710
2024-06-26 0711ERROR: Sample log message 711
2024-06-26 0712INFO: Sample log message 712
2024-06-26 0713DEBUG: Sample log message 713
2024-06-26 0714DEBUG: Sample log message 714
2024-06-26 0715ERROR: Sample log message 715
2024-06-26 0716INFO: Sample log message 716
2024-06-26 0717DEBUG: Sample log message 717
2024-06-26 0718DEBUG: Sample log message 718
2024-06-26 0719WARNING: Sample log message 719
2024-06-26 0720INFO: Sample log message 720
2024-06-26 0721DEBUG: Sample log message 721
2024-06-26 0722WARNING: Sample log message 722
2024-06-26 0723WARNING: Sample log message 723
2024-06-26 0724ERROR: Sample log message 724
2024-06-26 0725WARNING: Sample log message 725
2024-06-26 0726WARNING: Sample log message 726
2024-06-26 0727ERROR: Sample log message 727
2024-06-26 0728WARNING: Sample log message 728
2024-06-26 0729ERROR: Sample log message 729
2024-06-26 0730ERROR: Sample log message 730
2024-06-26 0731INFO: Sample log message 731
2024-06-26 0732INFO: Sample log message 732
2024-06-26 0733INFO: Sample log message 733
2024-06-26 0734INFO: Sample log message 734
2024-06-26 0735ERROR: Sample log message 735
2024-06-26 0736INFO: Sample log message 736
2024-06-26 0737WARNING: Sample log message 737
2024-06-26 0738INFO: Sample log message 738
2024-06-26 0739DEBUG: Sample log message 739
2024-06-26 0740WARNING: Sample log message 740
2024-06-26 0741DEBUG: Sample log message 741
2024-06-26 0742DEBUG: Sample log message 742
2024-06-26 0743DEBUG: Sample log message 743
2024-06-26 0744DEBUG: Sample log message 744
2024-06-26 0745WARNING: Sample log message 745
2024-06-26 0746DEBUG: Sample log message 746
2024-06-26 0747DEBUG: Sample log message 747
2024-06-26 0748WARNING: Sample log message 748
2024-06-26 0749ERROR: Sample log message 749
2024-06-26 0750WARNING: Sample log message 750
2024-06-26 0751WARNING: Sample log message 751
2024-06-26 0752WARNING: Sample log message 752
2024-06-26 0753DEBUG: Sample log message 753
2024-06-26 0754WARNING: Sample log message 754
2024-06-26 0755INFO: Sample log message 755
2024-06-26 0756WARNING: Sample log message 756
2024-06-26 0757WARNING: Sample log message 757
2024-06-26 0758WARNING: Sample log message 758
2024-06-26 0759ERROR: Sample log message 759
2024-06-26 0760WARNING: Sample log message 760
2024-06-26 0761INFO: Sample log message 761
2024-06-26 0762ERROR: Sample log message 762
2024-06-26 0763ERROR: Sample log message 763
2024-06-26 0764INFO: Sample log message 764
2024-06-26 0765INFO: Sample log message 765
2024-06-26 0766WARNING: Sample log message 766
2024-06-26 0767DEBUG: Sample log message 767
2024-06-26 0768ERROR: Sample log message 768
2024-06-26 0769INFO: Sample log message 769
2024-06-26 0770WARNING: Sample log message 770
2024-06-26 0771ERROR: Sample log message 771
2024-06-26 0772ERROR: Sample log message 772
2024-06-26 0773INFO: Sample log message 773
2024-06-26 0774INFO: Sample log message 774
2024-06-26 0775WARNING: Sample log message 775
2024-06-26 0776ERROR: Sample log message 776
2024-06-26 0777ERROR: Sample log message 777
2024-06-26 0778DEBUG: Sample log message 778
2024-06-26 0779DEBUG: Sample log message 779
2024-06-26 0780INFO: Sample log message 780
2024-06-26 0781INFO: Sample log message 781
2024-06-26 0782INFO: Sample log message 782
2024-06-26 0783INFO: Sample log message 783
2024-06-26 0784INFO: Sample log message 784
2024-06-26 0785ERROR: Sample log message 785
2024-06-26 0786WARNING: Sample log message 786
2024-06-26 0787DEBUG: Sample log message 787
2024-06-26 0788WARNING: Sample log message 788
2024-06-26 0789ERROR: Sample log message 789
2024-06-26 0790WARNING: Sample log message 790
2024-06-26 0791DEBUG: Sample log message 791
2024-06-26 0792ERROR: Sample log message 792
2024-06-26 0793INFO: Sample log message 793
2024-06-26 0794WARNING: Sample log message 794
2024-06-26 0795DEBUG: Sample log message 795
2024-06-26 0796DEBUG: Sample log message 796
2024-06-26 0797DEBUG: Sample log message 797
2024-06-26 0798DEBUG: Sample log message 798
2024-06-26 0799WARNING: Sample log message 799
2024-06-26 0800INFO: Sample log message 800
2024-06-26 0801DEBUG: Sample log message 801
2024-06-26 0802WARNING: Sample log message 802
2024-06-26 0803DEBUG: Sample log message 803
2024-06-26 0804WARNING: Sample log message 804
2024-06-26 0805ERROR: Sample log message 805
2024-06-26 0806WARNING: Sample log message 806
2024-06-26 0807DEBUG: Sample log message 807
2024-06-26 0808INFO: Sample log message 808
2024-06-26 0809WARNING: Sample log message 809
2024-06-26 0810ERROR: Sample log message 810
2024-06-26 0811WARNING: Sample log message 811
2024-06-26 0812WARNING: Sample log message 812
2024-06-26 0813INFO: Sample log message 813
2024-06-26 0814DEBUG: Sample log message 814
2024-06-26 0815ERROR: Sample log message 815
2024-06-26 0816ERROR: Sample log message 816
2024-06-26 0817WARNING: Sample log message 817
2024-06-26 0818ERROR: Sample log message 818
2024-06-26 0819INFO: Sample log message 819
2024-06-26 0820ERROR: Sample log message 820
2024-06-26 0821INFO: Sample log message 821
2024-06-26 0822INFO: Sample log message 822
2024-06-26 0823ERROR: Sample log message 823
2024-06-26 0824DEBUG: Sample log message 824
2024-06-26 0825DEBUG: Sample log message 825
2024-06-26 0826DEBUG: Sample log message 826
2024-06-26 0827DEBUG: Sample log message 827
2024-06-26 0828DEBUG: Sample log message 828
2024-06-26 0829DEBUG: Sample log message 829
2024-06-26 0830INFO: Sample log message 830
2024-06-26 0831ERROR: Sample log message 831
2024-06-26 0832ERROR: Sample log message 832
2024-06-26 0833DEBUG: Sample log message 833
2024-06-26 0834DEBUG: Sample log message 834
2024-06-26 0835DEBUG: Sample log message 835
2024-06-26 0836WARNING: Sample log message 836
2024-06-26 0837ERROR: Sample log message 837
2024-06-26 0838DEBUG: Sample log message 838
2024-06-26 0839INFO: Sample log message 839
2024-06-26 0840INFO: Sample log message 840
2024-06-26 0841ERROR: Sample log message 841
2024-06-26 0842WARNING: Sample log message 842
2024-06-26 0843DEBUG: Sample log message 843
2024-06-26 0844ERROR: Sample log message 844
2024-06-26 0845WARNING: Sample log message 845
2024-06-26 0846DEBUG: Sample log message 846
2024-06-26 0847ERROR: Sample log message 847
2024-06-26 0848WARNING: Sample log message 848
2024-06-26 0849INFO: Sample log message 849
2024-06-26 0850DEBUG: Sample log message 850
2024-06-26 0851INFO: Sample log message 851
2024-06-26 0852INFO: Sample log message 852
2024-06-26 0853WARNING: Sample log message 853
2024-06-26 0854WARNING: Sample log message 854
2024-06-26 0855INFO: Sample log message 855
2024-06-26 0856ERROR: Sample log message 856
2024-06-26 0857INFO: Sample log message 857
2024-06-26 0858DEBUG: Sample log message 858
2024-06-26 0859WARNING: Sample log message 859
2024-06-26 0860ERROR: Sample log message 860
2024-06-26 0861WARNING: Sample log message 861
2024-06-26 0862WARNING: Sample log message 862
2024-06-26 0863INFO: Sample log message 863
2024-06-26 0864INFO: Sample log message 864
2024-06-26 0865ERROR: Sample log message 865
2024-06-26 0866ERROR: Sample log message 866
2024-06-26 0867ERROR: Sample log message 867
2024-06-26 0868INFO: Sample log message 868
2024-06-26 0869ERROR: Sample log message 869
2024-06-26 0870WARNING: Sample log message 870
2024-06-26 0871INFO: Sample log message 871
2024-06-26 0872INFO: Sample log message 872
2024-06-26 0873ERROR: Sample log message 873
2024-06-26 0874INFO: Sample log message 874
2024-06-26 0875DEBUG: Sample log message 875
2024-06-26 0876DEBUG: Sample log message 876
2024-06-26 0877INFO: Sample log message 877
2024-06-26 0878WARNING: Sample log message 878
2024-06-26 0879WARNING: Sample log message 879
2024-06-26 0880ERROR: Sample log message 880
2024-06-26 0881DEBUG: Sample log message 881
2024-06-26 0882INFO: Sample log message 882
2024-06-26 0883DEBUG: Sample log message 883
2024-06-26 0884ERROR: Sample log message 884
2024-06-26 0885DEBUG: Sample log message 885
2024-06-26 0886WARNING: Sample log message 886
2024-06-26 0887WARNING: Sample log message 887
2024-06-26 0888WARNING: Sample log message 888
2024-06-26 0889ERROR: Sample log message 889
2024-06-26 0890INFO: Sample log message 890
2024-06-26 0891DEBUG: Sample log message 891
2024-06-26 0892DEBUG: Sample log message 892
2024-06-26 0893WARNING: Sample log message 893
2024-06-26 0894WARNING: Sample log message 894
2024-06-26 0895DEBUG: Sample log message 895
2024-06-26 0896DEBUG: Sample log message 896
2024-06-26 0897DEBUG: Sample log message 897
2024-06-26 0898INFO: Sample log message 898
2024-06-26 0899ERROR: Sample log message 899
2024-06-26 0900DEBUG: Sample log message 900
2024-06-26 0901DEBUG: Sample log message 901
2024-06-26 0902ERROR: Sample log message 902
2024-06-26 0903ERROR: Sample log message 903
2024-06-26 0904ERROR: Sample log message 904
2024-06-26 0905WARNING: Sample log message 905
2024-06-26 0906WARNING: Sample log message 906
2024-06-26 0907ERROR: Sample log message 907
2024-06-26 0908INFO: Sample log message 908
2024-06-26 0909DEBUG: Sample log message 909
2024-06-26 0910INFO: Sample log message 910
2024-06-26 0911WARNING: Sample log message 911
2024-06-26 0912INFO: Sample log message 912
2024-06-26 0913DEBUG: Sample log message 913
2024-06-26 0914DEBUG: Sample log message 914
2024-06-26 0915DEBUG: Sample log message 915
2024-06-26 0916WARNING: Sample log message 916
2024-06-26 0917DEBUG: Sample log message 917
2024-06-26 0918DEBUG: Sample log message 918
2024-06-26 0919INFO: Sample log message 919
2024-06-26 0920WARNING: Sample log message 920
2024-06-26 0921DEBUG: Sample log message 921
2024-06-26 0922WARNING: Sample log message 922
2024-06-26 0923DEBUG: Sample log message 923
2024-06-26 0924INFO: Sample log message 924
2024-06-26 0925WARNING: Sample log message 925
2024-06-26 0926DEBUG: Sample log message 926
2024-06-26 0927DEBUG: Sample log message 927
2024-06-26 0928WARNING: Sample log message 928
2024-06-26 0929WARNING: Sample log message 929
2024-06-26 0930DEBUG: Sample log message 930
2024-06-26 0931DEBUG: Sample log message 931
2024-06-26 0932ERROR: Sample log message 932
2024-06-26 0933DEBUG: Sample log message 933
2024-06-26 0934WARNING: Sample log message 934
2024-06-26 0935WARNING: Sample log message 935
2024-06-26 0936ERROR: Sample log message 936
2024-06-26 0937WARNING: Sample log message 937
2024-06-26 0938DEBUG: Sample log message 938
2024-06-26 0939DEBUG: Sample log message 939
2024-06-26 0940INFO: Sample log message 940
2024-06-26 0941WARNING: Sample log message 941
2024-06-26 0942WARNING: Sample log message 942
2024-06-26 0943ERROR: Sample log message 943
2024-06-26 0944WARNING: Sample log message 944
2024-06-26 0945ERROR: Sample log message 945
2024-06-26 0946ERROR: Sample log message 946
2024-06-26 0947ERROR: Sample log message 947
2024-06-26 0948ERROR: Sample log message 948
2024-06-26 0949DEBUG: Sample log message 949
2024-06-26 0950INFO: Sample log message 950
2024-06-26 0951WARNING: Sample log message 951
2024-06-26 0952ERROR: Sample log message 952
2024-06-26 0953DEBUG: Sample log message 953
2024-06-26 0954WARNING: Sample log message 954
2024-06-26 0955ERROR: Sample log message 955
2024-06-26 0956DEBUG: Sample log message 956
2024-06-26 0957WARNING: Sample log message 957
2024-06-26 0958INFO: Sample log message 958
2024-06-26 0959WARNING: Sample log message 959
2024-06-26 0960ERROR: Sample log message 960
2024-06-26 0961WARNING: Sample log message 961
2024-06-26 0962ERROR: Sample log message 962
2024-06-26 0963ERROR: Sample log message 963
2024-06-26 0964WARNING: Sample log message 964
2024-06-26 0965WARNING: Sample log message 965
2024-06-26 0966ERROR: Sample log message 966
2024-06-26 0967INFO: Sample log message 967
2024-06-26 0968WARNING: Sample log message 968
2024-06-26 0969WARNING: Sample log message 969
2024-06-26 0970WARNING: Sample log message 970
2024-06-26 0971ERROR: Sample log message 971
2024-06-26 0972INFO: Sample log message 972
2024-06-26 0973ERROR: Sample log message 973
2024-06-26 0974WARNING: Sample log message 974
2024-06-26 0975DEBUG: Sample log message 975
2024-06-26 0976ERROR: Sample log message 976
2024-06-26 0977INFO: Sample log message 977
2024-06-26 0978WARNING: Sample log message 978
2024-06-26 0979INFO: Sample log message 979
2024-06-26 0980INFO: Sample log message 980
2024-06-26 0981DEBUG: Sample log message 981
2024-06-26 0982INFO: Sample log message 982
2024-06-26 0983DEBUG: Sample log message 983
2024-06-26 0984DEBUG: Sample log message 984
2024-06-26 0985WARNING: Sample log message 985
2024-06-26 0986ERROR: Sample log message 986
2024-06-26 0987INFO: Sample log message 987
2024-06-26 0988ERROR: Sample log message 988
2024-06-26 0989ERROR: Sample log message 989
2024-06-26 0990INFO: Sample log message 990
2024-06-26 0991DEBUG: Sample log message 991
2024-06-26 0992WARNING: Sample log message 992
2024-06-26 0993WARNING: Sample log message 993
2024-06-26 0994INFO: Sample log message 994
2024-06-26 0995WARNING: Sample log message 995
2024-06-26 0996ERROR: Sample log message 996
2024-06-26 0997ERROR: Sample log message 997
2024-06-26 0998INFO: Sample log message 998
2024-06-26 0999DEBUG: Sample log message 999
